****************************************************************************
***                      Sentaurus Structure Editor                      ***
***                          Version V-2024.03                           ***
***                      (3.8727837, x86_64, Linux)                      ***
***                                                                      ***
***               Copyright (C) 1994-2024 Synopsys, Inc.                 ***
***        Portions of this software are owned by Spatial Corp.          ***
***            Copyright (C) 1986-2024. All Rights Reserved.             ***
***                                                                      ***
***  This software and the associated documentation are confidential     ***
***  and proprietary to Synopsys, Inc.  Your use or disclosure of this   ***
***  software is subject to the terms and conditions of a written        ***
***  license agreement between you, or your company, and Synopsys, Inc.  ***
****************************************************************************

Compiled Tue Feb 13 13:20:28 PST 2024 on: sce-tcad-build01
Running on: sentaurus
Hardware type: x86_64
OS name: Linux
OS release: 3.10.0-1160.119.1.el7.x86_64
OS version: #1 SMP Tue Jun 4 14:43:51 UTC 2024
Process ID: 42551

version #3 done.
Evaluating file n402_dvs.cmd

---> (sde:clear)

---> (sde:set-process-up-direction +z)

---> (sdegeo:set-default-boolean BAB)

---> (define Xmax 6)

---> (define Wgate 1.8)

---> (define Wnplus 0.5)

---> (define Wpplus 1.5)

---> (define Wemitter 1.8)

---> (define Ymax 100)

---> (define Ygate 5)

---> (define Ypplus 0.5)

---> (define Ynplus 0.5)

---> (define Ypbase 3)

---> (define Hnbuffer 4)

---> (define Hcollector 0.5)

---> (define Ndrift 50000000000000.0)

---> (define Pbase 2.5e+17)

---> (define Pplus 1e+19)

---> (define Nplus 1e+19)

---> (define Nbuffer 5e+15)

---> (define Pcollector 1e+17)

---> (define Tox_sidewall 0.1)

---> (define Tox_bottom 0.12)

---> (define R 0.3)

---> (define gate_angle 89.0)

---> (define TAN (tan (* (/ gate_angle 180) PI)))

---> (define COS (cos (* (/ gate_angle 180) PI)))

---> (define SIN (sin (* (/ gate_angle 180) PI)))

---> (do ((i 0 (+ i 1))) ((= i 1)) (begin (define Region1 (string-append region1. (number->string i))) (sdegeo:create-polygon (list (position (+ (* i 6) Wpplus Wnplus Tox_sidewall) 0.0 0) (position (+ (* i 6) Wpplus Wnplus Tox_sidewall Wgate) 0.0 0) (position (- (+ (* i 6) Wpplus Wnplus Tox_sidewall Wgate) (/ Ygate TAN)) Ygate 0) (position (+ (* i 6) Wpplus Wnplus Tox_sidewall (/ Ygate TAN)) Ygate 0) (position (+ (* i 6) Wpplus Wnplus Tox_sidewall) 0.0 0)) PolySi Region1) (sdegeo:fillet-2d (list (car (find-vertex-id (position (- (+ (* i 6) Wpplus Wnplus Tox_sidewall Wgate) (/ Ygate TAN)) Ygate 0)))) R) (sdegeo:fillet-2d (list (car (find-vertex-id (position (+ (* i 6) Wpplus Wnplus Tox_sidewall (/ Ygate TAN)) Ygate 0)))) R) (define Region2 (string-append region2. (number->string i))) (sdegeo:create-polygon (list (position (+ (* i 6) Wpplus Wnplus) 0.0 0) (position (+ (* i 6) Wpplus Wnplus Wgate (* 2 Tox_sidewall)) 0.0 0) (position (- (+ (* i 6) Wpplus Wnplus Wgate (* 2 Tox_sidewall)) (/ (+ Ygate Tox_bottom) TAN)) (+ Ygate Tox_bottom) 0) (position (+ (* i 6) Wpplus Wnplus (/ (+ Ygate Tox_bottom) TAN)) (+ Ygate Tox_bottom) 0) (position (+ (* i 6) Wpplus Wnplus) 0.0 0)) Oxide Region2) (sdegeo:fillet-2d (list (car (find-vertex-id (position (- (+ (* i 6) Wpplus Wnplus Wgate (* 2 Tox_sidewall)) (/ (+ Ygate Tox_bottom) TAN)) (+ Ygate Tox_bottom) 0)))) R) (sdegeo:fillet-2d (list (car (find-vertex-id (position (+ (* i 6) Wpplus Wnplus (/ (+ Ygate Tox_bottom) TAN)) (+ Ygate Tox_bottom) 0)))) R)))

shortest edge: 1.625449
shortest edge: 1.330640
shortest edge: 1.821260
shortest edge: 1.526451
---> (sdegeo:create-rectangle (position 0.0 0.0 0.0) (position Xmax Ymax 0.0) Silicon R.Si)

---> (do ((j 0 (+ j 1))) ((= j 1)) (begin (sdegeo:create-rectangle (position (* j 6) 0.0 0.0) (position (+ (* j 6) Wemitter) -0.2 0.0) Aluminum R.EmitterLeft) (sdegeo:create-rectangle (position (- (+ (* j 6) 6) Wemitter) 0.0 0.0) (position (+ (* j 6) 6) -0.2 0.0) Aluminum R.EmitterRight) (sdegeo:define-contact-set Emitter 4 (color:rgb 1 0 0) ##) (sdegeo:set-contact-boundary-edges (list (car (find-body-id (position (+ (* j 6) (/ Wemitter 2.0)) -0.1 0)))) Emitter) (sdegeo:delete-region (find-body-id (position (+ (* j 6) (/ Wemitter 6)) -0.1 0))) (sdegeo:set-contact (find-body-id (position (- (+ (* j 6) 6) (/ Wemitter 2.0)) -0.1 0)) Emitter remove) (sdegeo:define-contact-set Gate 4 (color:rgb 0 1 0) ##) (sdegeo:set-contact (find-body-id (position (+ (* j 6) Wpplus Wnplus Tox_sidewall (/ Wgate 2.0)) (/ Ygate 2.0) 0)) Gate)))

(sdegeo:set-contact (list (car (find-body-id (position 0.9 -0.1 0)))) "Emitter")

(sdegeo:set-contact (list (car (find-edge-id (position 0 -0.1 0))) (car (find-edge-id (position 0.9 -0.2 0))) (car (find-edge-id (position 1.8 -0.1 0))) (car (find-edge-id (position 0.9 0 0)))) "Emitter")

(sdegeo:set-contact (list (car (find-body-id (position 5.1 -0.1 0)))) "Emitter")

(sdegeo:set-contact (list (car (find-edge-id (position 4.2 -0.1 0))) (car (find-edge-id (position 5.1 -0.2 0))) (car (find-edge-id (position 6 -0.1 0))) (car (find-edge-id (position 5.1 0 0)))) "Emitter")

(sdegeo:set-contact (list (car (find-body-id (position 3 2.5 0)))) "Gate")

(sdegeo:set-contact (list (car (find-edge-id (position 3.0 0 0))) (car (find-edge-id (position 3.8589349 2.35261786 0))) (car (find-edge-id (position 3.72818828 4.91397513 0))) (car (find-edge-id (position 3.0 5.0 0))) (car (find-edge-id (position 2.27181172 4.91397513 0))) (car (find-edge-id (position 2.1410651 2.35261786 0)))) "Gate")

---> (sdegeo:define-contact-set Collector 4 (color:rgb 0 0 1) ##)

---> (sdegeo:define-2d-contact (find-edge-id (position (/ Xmax 2.0) Ymax 0)) Collector)

Obsolete Scheme command: sdegeo:define-2d-contact. Please update your input script and replace it with sdegeo:set-contact.
---> (sdedr:define-constant-profile Constant.Substrate PhosphorusActiveConcentration Ndrift)

---> (sdedr:define-constant-profile-material PLConstant.Substrate Constant.Substrate Silicon)

---> (sdedr:define-constant-profile Constant.PolySilicon PhosphorusActiveConcentration 1000000000000000000000)

---> (sdedr:define-constant-profile-material PLConstant.PolySilicon Constant.PolySilicon PolySilicon 0.0 Replace)

---> (sdedr:define-refeval-window RW.BaselinePbase Line (position 0.0 0.0 0.0) (position Xmax 0.0 0.0))

---> (sdedr:define-gaussian-profile Gauss.Pbase BoronActiveConcentration PeakPos 0.0 PeakVal Pbase ValueAtDepth Ndrift Depth Ypbase Gauss Factor 0.7)

---> (sdedr:define-analytical-profile-placement PLGauss.Pbase Gauss.Pbase RW.BaselinePbase Both NoReplace Eval)

---> (do ((i 0 (+ i 1))) ((= i 1)) (begin (sdedr:define-refeval-window (string-append RW.BaseLineLeftPplus_ (number->string i)) Line (position (* i 6) 0.0 0.0) (position (+ (* i 6) Wpplus) 0.0 0.0)) (sdedr:define-gaussian-profile (string-append GAUSS.Pplus_ (number->string i)) BoronActiveConcentration PeakPos 0.0 PeakVal Pplus ValueAtDepth Pbase Depth Ypplus Gauss Factor 0.7) (sdedr:define-analytical-profile-placement (string-append PLGauss.LeftPplus_ (number->string i)) (string-append GAUSS.Pplus_ (number->string i)) (string-append RW.BaseLineLeftPplus_ (number->string i)) Both NoReplace Eval) (sdedr:define-refeval-window (string-append RW.BaseLineRightPplus_ (number->string i)) Line (position (- (+ (* i 6) 6) Wpplus) 0.0 0.0) (position (+ (* i 6) 6) 0.0 0.0)) (sdedr:define-analytical-profile-placement (string-append PLGauss.RightPplus_ (number->string i)) (string-append GAUSS.Pplus_ (number->string i)) (string-append RW.BaseLineRightPplus_ (number->string i)) Both NoReplace Eval)))

---> (do ((j 0 (+ j 1))) ((= j 1)) (begin (sdedr:define-refeval-window (string-append RW.BaseLineLeftNplus_ (number->string j)) Line (position (+ (* j 6) Wpplus) 0.0 0.0) (position (+ (* j 6) Wpplus Wnplus) 0.0 0.0)) (sdedr:define-gaussian-profile (string-append GAUSS.Nplus_ (number->string j)) PhosphorusActiveConcentration PeakPos 0.0 PeakVal Nplus ValueAtDepth Pbase Depth Ynplus Gauss Factor 0.7) (sdedr:define-analytical-profile-placement (string-append PLGauss.LeftNplus_ (number->string j)) (string-append GAUSS.Nplus_ (number->string j)) (string-append RW.BaseLineLeftNplus_ (number->string j)) Both NoReplace Eval) (sdedr:define-refeval-window (string-append RW.BaseLineRightNplus_ (number->string j)) Line (position (- (+ (* j 6) 6) Wpplus Wnplus) 0.0 0.0) (position (- (+ (* j 6) 6) Wpplus) 0.0 0.0)) (sdedr:define-analytical-profile-placement (string-append PLGauss.RightNplus_ (number->string j)) (string-append GAUSS.Nplus_ (number->string j)) (string-append RW.BaseLineRightNplus_ (number->string j)) Both NoReplace Eval)))

---> (sdedr:define-refeval-window RW.BaselineNbuffer Line (position 0.0 (- Ymax Hcollector) 0.0) (position Xmax (- Ymax Hcollector) 0.0))

---> (sdedr:define-gaussian-profile Gauss.Nbuffer ArsenicActiveConcentration PeakPos 0.0 PeakVal Nbuffer ValueAtDepth Ndrift Depth Hnbuffer Gauss Factor 0.7)

---> (sdedr:define-analytical-profile-placement PLGauss.Nbuffer Gauss.Nbuffer RW.BaselineNbuffer Both NoReplace Eval)

---> (sdedr:define-refeval-window RW.BaselinePcollector Line (position 0.0 Ymax 0.0) (position Xmax Ymax 0.0))

---> (sdedr:define-gaussian-profile Gauss.Pcollector BoronActiveConcentration PeakPos 0.0 PeakVal Pcollector ValueAtDepth Nbuffer Depth Hcollector Gauss Factor 0.7)

---> (sdedr:define-analytical-profile-placement PLGauss.Pcollector Gauss.Pcollector RW.BaselinePcollector Both NoReplace Eval)

---> (define RNAME Global)

---> (sdedr:define-refeval-window (string-append RW. RNAME) Rectangle (position 0.0 0.0 0.0) (position 1000 500 0))

---> (sdedr:define-refinement-size (string-append RS. RNAME) 1.0 1.0 0.01 0.01)

---> (sdedr:define-refinement-placement (string-append RP. RNAME) (string-append RS. RNAME) (string-append RW. RNAME))

---> (define MNAME Silicon)

---> (sdedr:define-refinement-size (string-append RS. MNAME) 0.8 0.8 0.01 0.01)

---> (sdedr:define-refinement-function (string-append RS. MNAME) DopingConcentration MaxTransDiff 1.0)

---> (sdedr:define-refinement-material (string-append RP. MNAME) (string-append RS. MNAME) MNAME)

---> (define nlevels 10)

---> (define factor 1.2)

---> (do ((i 0 (+ i 1))) ((= i 1)) (begin (define Region1 (string-append region1. (number->string i))) (define Region2 (string-append region2. (number->string i))) (sdedr:offset-block material Silicon maxlevel nlevels) (sdedr:offset-interface region R.Si Region2 hlocal 0.001 factor factor) (sdedr:offset-interface region Region2 Region1 hlocal 0.01 factor factor) (sdedr:offset-interface region Region2 R.Si hlocal 0.003 factor factor)))

---> (sde:save-model n402)

---> (sde:build-mesh n402)

****************************************************************************
***                            Sentaurus Mesh                            ***
***                          Version V-2024.03                           ***
***                      (3.8727837, x86_64, Linux)                      ***
***                                                                      ***
***                       Copyright (C) 2005-2024                        ***
***                            Synopsys, Inc.                            ***
***                                                                      ***
***  This software and the associated documentation are confidential     ***
***  and proprietary to Synopsys, Inc.  Your use or disclosure of this   ***
***  software is subject to the terms and conditions of a written        ***
***  license agreement between you, or your company, and Synopsys, Inc.  ***
****************************************************************************

Compiled Tue Feb 13 13:25:22 PST 2024 on: sce-tcad-build01
Running on: sentaurus
Hardware type: x86_64
OS name: Linux
OS release: 3.10.0-1160.119.1.el7.x86_64
OS version: #1 SMP Tue Jun 4 14:43:51 UTC 2024
Process ID: 42685

Flags used: -offset

** Generating 2d grid **

Creating binary tree...done.
Imprinting binary tree on the boundary...done.
Optimizing boundary nodes...done.

Number of vertices after binary tree generation : 
  2775 (tree) + 616 (boundary)


=================================  brep2d quality  =====================================
minAngle: 89  [near (2 -0)] at region=region2.0
nVerts = 616  nTris = 618  nRegs = 6
bmin: -0 -0
bmax: 6 100
min area: 0.0117188  max area: 0.799108  min edge length : 0.0117188
total area  : 235.19 interface area: 23.1901
total volume: 618.269
Conformal? true
Are all boundaries on bbox? true
==================================================================================
-------------------------------------------
Layering region:  R.Si
-------------------------------------------
Interface : region2.0   Layer :0
Interface : region2.0   Layer :1
Interface : region2.0   Layer :2
Interface : region2.0   Layer :3
Interface : region2.0   Layer :4
Interface : region2.0   Layer :5
Interface : region2.0   Layer :6
Interface : region2.0   Layer :7
Interface : region2.0   Layer :8
Interface : region2.0   Layer :9
-------------------------------------------
Layering region:  region2.0
-------------------------------------------
Interface : R.Si   Layer :0
Interface : region1.0   Layer :0
Interface : R.Si   Layer :1
Interface : region1.0   Layer :1
Interface : R.Si   Layer :2
Interface : region1.0   Layer :2
Interface : R.Si   Layer :3
Interface : region1.0   Layer :3
Interface : R.Si   Layer :4
Interface : region1.0   Layer :4
Interface : R.Si   Layer :5
Interface : region1.0   Layer :5
Refining region interfaces... Normal node projection... 
Region: R.Si
Region: region2.0

=================================  brep2d quality  =====================================
minAngle: 89  [near (2.003 0)]
nVerts = 1090  nTris = 1112  nRegs = 6
bmin: 0 0
bmax: 0 0
min area: 0.00100015  max area: 3.01605  min edge length : 0.00100015
total area  : 470.039 interface area: 23.1901
total volume: 581.731
Conformal? true
Are all boundaries on bbox? false
==================================================================================
** Delaunizing the mesh **

Creating delaunizer input...done.
Solving edges...done 
Optimizing elements...done. (8240 vertices)
Fixing diagonals...done.

The final mesh has: 
    8236 points.
   16020 elements.
       6 regions.
Max. connectivity = 16 located at (2.25;4.6875)


==============================  tri-grid quality  ================================
    0  10  20  30  40  50  60  70  80  90 100 110 120 130 140 150 160 170 180
 %    8  10   5   3   7   7   4   5  10  40  .   .   .   .   .   .   .   . 
---------------------------------------------------------------------------------
minAngle: 0.218185  maxAngle: 167.838
nVerts = 8236  nTris = 16020  nMats = 3
max connectivity (tris per node): 16 [near (2.25 4.6875)]
bmin: -0 -0
bmax: 6 100
min edgeLength: 0.000634637  [near (3.99489 0.292651)]
min volume: 3.17319e-07  max volume: 0.292969  Total volume: 600
bbox  volume: 600
Are all boundaries on bbox? true
=================================================================================

Smallest region: region2.0  Total volume: 1.2188
Interpolating data...done.
Saving file n402_msh.tdr...done.

===============================  Timer Report===================================
              Total Mesh Generation Time:     0.462s       100%
                       Rate of #Vertices:  1.78e+04
                          Rate of #Edges:  2.33e+04
                          Rate of #Faces:  3.47e+04
                       Rate of #Elements:         0

                            Time Covered:         0s         0%


"Meshing successful"
---> #[end-of-file]

"************************************************************************"
"Sentaurus Structure Editor "
"Start Time:    Mon Apr 21 21:59:03 2025"
"End   Time:    Mon Apr 21 21:59:05 2025"
"Total Execution Time (sec):    2"
"Total System calls Time (sec): 0"
"************************************************************************"
